News-Headlines/app/build/intermediates/manifest_merge_blame_file/debug/manifest-merger-blame-debug-report.txt
1<?xml version="1.0" encoding="utf-8"?>
2<manifest xmlns:android="http://schemas.android.com/apk/res/android"
3    package="com.example.newsheadlines"
4    android:versionCode="1"
5    android:versionName="1.0" >
6
7    <uses-sdk
8        android:minSdkVersion="21"
8-->src\main\AndroidManifest.xml
9        android:targetSdkVersion="33" />
9-->src\main\AndroidManifest.xml
10
11    <uses-permission android:name="android.permission.INTERNET" />
11-->src\main\AndroidManifest.xml:4:5-66
11-->src\main\AndroidManifest.xml:4:22-64
12    <uses-permission android:name="android.permission.ACCESS_WIFI_STATE" />
12-->src\main\AndroidManifest.xml:5:5-75
12-->src\main\AndroidManifest.xml:5:22-73
13
14    <application
14-->src\main\AndroidManifest.xml:6:5-41:19
15        android:allowBackup="true"
15-->src\main\AndroidManifest.xml:7:9-35
16        android:appComponentFactory="androidx.core.app.CoreComponentFactory"
16-->[androidx.core:core:1.7.0] AndroidManifest.xml:24:18-86
17        android:dataExtractionRules="@xml/data_extraction_rules"
17-->src\main\AndroidManifest.xml:8:9-65
18        android:debuggable="true"
19        android:fullBackupContent="@xml/backup_rules"
19-->src\main\AndroidManifest.xml:9:9-54
20        android:icon="@drawable/news"
20-->src\main\AndroidManifest.xml:10:9-38
21        android:label="@string/app_name"
21-->src\main\AndroidManifest.xml:11:9-41
22        android:supportsRtl="true"
22-->src\main\AndroidManifest.xml:12:9-35
23        android:testOnly="true"
24        android:theme="@style/Theme.NewsHeadlines" >
24-->src\main\AndroidManifest.xml:13:9-51
25        <activity
25-->src\main\AndroidManifest.xml:15:9-19:58
26            android:name="com.example.newsheadlines.DisplayNews"
26-->src\main\AndroidManifest.xml:16:13-40
27            android:exported="false"
27-->src\main\AndroidManifest.xml:17:13-37
28            android:label="@string/title_activity_display_news"
28-->src\main\AndroidManifest.xml:18:13-64
29            android:theme="@style/Theme.NewsHeadlines" />
29-->src\main\AndroidManifest.xml:19:13-55
30        <activity
30-->src\main\AndroidManifest.xml:20:9-24:58
31            android:name="com.example.newsheadlines.RegistrationActivity"
31-->src\main\AndroidManifest.xml:21:13-49
32            android:exported="false"
32-->src\main\AndroidManifest.xml:22:13-37
33            android:label="@string/title_activity_registration"
33-->src\main\AndroidManifest.xml:23:13-64
34            android:theme="@style/Theme.NewsHeadlines" />
34-->src\main\AndroidManifest.xml:24:13-55
35        <activity
35-->src\main\AndroidManifest.xml:25:9-29:58
36            android:name="com.example.newsheadlines.MainPage"
36-->src\main\AndroidManifest.xml:26:13-37
37            android:exported="false"
37-->src\main\AndroidManifest.xml:27:13-37
38            android:label="@string/title_activity_main_page"
38-->src\main\AndroidManifest.xml:28:13-61
39            android:theme="@style/Theme.NewsHeadlines" />
39-->src\main\AndroidManifest.xml:29:13-55
40        <activity
40-->src\main\AndroidManifest.xml:30:9-40:20
41            android:name="com.example.newsheadlines.LoginActivity"
41-->src\main\AndroidManifest.xml:31:13-42
42            android:exported="true"
42-->src\main\AndroidManifest.xml:32:13-36
43            android:label="@string/app_name"
43-->src\main\AndroidManifest.xml:33:13-45
44            android:theme="@style/Theme.NewsHeadlines" >
44-->src\main\AndroidManifest.xml:34:13-55
45            <intent-filter>
45-->src\main\AndroidManifest.xml:35:13-39:29
46                <action android:name="android.intent.action.MAIN" />
46-->src\main\AndroidManifest.xml:36:17-69
46-->src\main\AndroidManifest.xml:36:25-66
47
48                <category android:name="android.intent.category.LAUNCHER" />
48-->src\main\AndroidManifest.xml:38:17-77
48-->src\main\AndroidManifest.xml:38:27-74
49            </intent-filter>
50        </activity>
51
52        <service
52-->[androidx.room:room-runtime:2.5.0] AndroidManifest.xml:24:9-28:63
53            android:name="androidx.room.MultiInstanceInvalidationService"
53-->[androidx.room:room-runtime:2.5.0] AndroidManifest.xml:25:13-74
54            android:directBootAware="true"
54-->[androidx.room:room-runtime:2.5.0] AndroidManifest.xml:26:13-43
55            android:exported="false" />
55-->[androidx.room:room-runtime:2.5.0] AndroidManifest.xml:27:13-37
56
57        <activity
57-->[androidx.compose.ui:ui-tooling:1.2.0] AndroidManifest.xml:24:9-26:39
58            android:name="androidx.compose.ui.tooling.PreviewActivity"
58-->[androidx.compose.ui:ui-tooling:1.2.0] AndroidManifest.xml:25:13-71
59            android:exported="true" />
59-->[androidx.compose.ui:ui-tooling:1.2.0] AndroidManifest.xml:26:13-36
60        <activity
60-->[androidx.compose.ui:ui-test-manifest:1.2.0] AndroidManifest.xml:24:9-26:39
61            android:name="androidx.activity.ComponentActivity"
61-->[androidx.compose.ui:ui-test-manifest:1.2.0] AndroidManifest.xml:25:13-63
62            android:exported="true" />
62-->[androidx.compose.ui:ui-test-manifest:1.2.0] AndroidManifest.xml:26:13-36
63
64        <provider
64-->[androidx.profileinstaller:profileinstaller:1.2.0] AndroidManifest.xml:25:9-33:20
65            android:name="androidx.startup.InitializationProvider"
65-->[androidx.profileinstaller:profileinstaller:1.2.0] AndroidManifest.xml:26:13-67
66            android:authorities="com.example.newsheadlines.androidx-startup"
66-->[androidx.profileinstaller:profileinstaller:1.2.0] AndroidManifest.xml:27:13-68
67            android:exported="false" >
67-->[androidx.profileinstaller:profileinstaller:1.2.0] AndroidManifest.xml:28:13-37
68            <meta-data
68-->[androidx.profileinstaller:profileinstaller:1.2.0] AndroidManifest.xml:30:13-32:52
69                android:name="androidx.profileinstaller.ProfileInstallerInitializer"
69-->[androidx.profileinstaller:profileinstaller:1.2.0] AndroidManifest.xml:31:17-85
70                android:value="androidx.startup" />
70-->[androidx.profileinstaller:profileinstaller:1.2.0] AndroidManifest.xml:32:17-49
71        </provider>
72
73        <receiver
73-->[androidx.profileinstaller:profileinstaller:1.2.0] AndroidManifest.xml:35:9-47:20
74            android:name="androidx.profileinstaller.ProfileInstallReceiver"
74-->[androidx.profileinstaller:profileinstaller:1.2.0] AndroidManifest.xml:36:13-76
75            android:directBootAware="false"
75-->[androidx.profileinstaller:profileinstaller:1.2.0] AndroidManifest.xml:37:13-44
76            android:enabled="true"
76-->[androidx.profileinstaller:profileinstaller:1.2.0] AndroidManifest.xml:38:13-35
77            android:exported="true"
77-->[androidx.profileinstaller:profileinstaller:1.2.0] AndroidManifest.xml:39:13-36
78            android:permission="android.permission.DUMP" >
78-->[androidx.profileinstaller:profileinstaller:1.2.0] AndroidManifest.xml:40:13-57
79            <intent-filter>
79-->[androidx.profileinstaller:profileinstaller:1.2.0] AndroidManifest.xml:41:13-43:29
80                <action android:name="androidx.profileinstaller.action.INSTALL_PROFILE" />
80-->[androidx.profileinstaller:profileinstaller:1.2.0] AndroidManifest.xml:42:17-91
80-->[androidx.profileinstaller:profileinstaller:1.2.0] AndroidManifest.xml:42:25-88
81            </intent-filter>
82            <intent-filter>
82-->[androidx.profileinstaller:profileinstaller:1.2.0] AndroidManifest.xml:44:13-46:29
83                <action android:name="androidx.profileinstaller.action.SKIP_FILE" />
83-->[androidx.profileinstaller:profileinstaller:1.2.0] AndroidManifest.xml:45:17-85
83-->[androidx.profileinstaller:profileinstaller:1.2.0] AndroidManifest.xml:45:25-82
84            </intent-filter>
85        </receiver>
86    </application>
87
88</manifest>